{
  "0 debug pnpm:scope": {
    "selected": 1,
    "workspacePrefix": "D:\\code\\yjcode\\try\\vue3"
  },
  "1 error pnpm": {
    "errno": 1,
    "code": "ELIFECYCLE",
    "pkgid": "@ya-plus/theme-chalk@1.0.0",
    "stage": "build",
    "script": "gulp",
    "pkgname": "@ya-plus/theme-chalk",
    "err": {
      "name": "pnpm",
      "message": "@ya-plus/theme-chalk@1.0.0 build: `gulp`\nExit status 1",
      "code": "ELIFECYCLE",
      "stack": "pnpm: @ya-plus/theme-chalk@1.0.0 build: `gulp`\nExit status 1\n    at EventEmitter.<anonymous> (C:\\Program Files\\nodejs\\node_modules\\pnpm\\dist\\pnpm.cjs:108415:20)\n    at EventEmitter.emit (node:events:365:28)\n    at ChildProcess.<anonymous> (C:\\Program Files\\nodejs\\node_modules\\pnpm\\dist\\pnpm.cjs:94981:18)\n    at ChildProcess.emit (node:events:365:28)\n    at maybeClose (node:internal/child_process:1067:16)\n    at Process.ChildProcess._handle.onexit (node:internal/child_process:301:5)"
    }
  },
  "2 warn pnpm:global": " Local package.json exists, but node_modules missing, did you mean to install?"
}