{
  "0 debug pnpm:scope": {
    "selected": 6,
    "total": 6,
    "workspacePrefix": "D:\\code\\yjcode\\try\\vue3"
  },
  "1 debug pnpm:package-manifest": {
    "initial": {
      "name": "@ya-plus/components",
      "version": "1.0.0",
      "description": "",
      "main": "index.ts",
      "module": "index.ts",
      "scripts": {
        "test": "echo \"Error: no test specified\" && exit 1"
      },
      "peerDependencies": {
        "vue": "^3.2.0"
      },
      "author": "",
      "license": "ISC"
    },
    "prefix": "D:\\code\\yjcode\\try\\vue3\\packages\\components"
  },
  "2 debug pnpm:package-manifest": {
    "initial": {
      "name": "w-plus",
      "version": "1.0.0",
      "private": false,
      "description": "",
      "main": "lib/index.js",
      "module": "es/index.js",
      "scripts": {
        "test": "echo \"Error: no test specified\" && exit 1"
      },
      "author": "",
      "license": "ISC",
      "dependencies": {
        "ya-plus": "^1.1.0-beta.24"
      }
    },
    "prefix": "D:\\code\\yjcode\\try\\vue3\\packages\\element-plus"
  },
  "3 debug pnpm:package-manifest": {
    "initial": {
      "name": "@ya-plus/theme-chalk",
      "version": "1.0.0",
      "description": "",
      "main": "index.js",
      "scripts": {
        "build": "gulp"
      },
      "author": "",
      "license": "ISC"
    },
    "prefix": "D:\\code\\yjcode\\try\\vue3\\packages\\theme-chalk"
  },
  "4 debug pnpm:package-manifest": {
    "initial": {
      "name": "@ya-plus/utils",
      "version": "1.0.0",
      "description": "",
      "main": "index.ts",
      "scripts": {
        "build": "gulp"
      },
      "author": "",
      "license": "ISC"
    },
    "prefix": "D:\\code\\yjcode\\try\\vue3\\packages\\utils"
  },
  "5 debug pnpm:package-manifest": {
    "initial": {
      "name": "@ya-plus/play",
      "version": "1.0.0",
      "description": "",
      "main": "index.js",
      "scripts": {
        "dev": "vite",
        "builds": "vite build",
        "preview": "vite preview"
      },
      "author": "",
      "license": "ISC",
      "dependencies": {
        "vue": "^3.2.25"
      },
      "devDependencies": {
        "@vitejs/plugin-vue": "^2.3.3",
        "vite": "^2.9.12"
      }
    },
    "prefix": "D:\\code\\yjcode\\try\\vue3\\play"
  },
  "6 debug pnpm:package-manifest": {
    "initial": {
      "name": "vue3",
      "version": "1.0.0",
      "description": "",
      "main": "index.js",
      "workspaces": [
        "packages/*",
        "play"
      ],
      "scripts": {
        "dev": "pnpm -C play dev",
        "build": "gulp -f build/gulpfile.ts",
        "clean": "pnpm run clean:dist",
        "clean:dist": "rimraf dist"
      },
      "keywords": [],
      "author": "",
      "license": "ISC",
      "dependencies": {
        "@ya-plus/components": "workspace:*",
        "@ya-plus/theme-chalk": "workspace:*",
        "@ya-plus/utils": "workspace:*"
      },
      "devDependencies": {
        "@rollup/plugin-commonjs": "^22.0.0",
        "@rollup/plugin-node-resolve": "^13.3.0",
        "@types/gulp": "^4.0.9",
        "@types/gulp-autoprefixer": "^0.0.33",
        "@types/gulp-clean-css": "^4.3.0",
        "@types/gulp-sass": "^5.0.0",
        "@types/sass": "^1.43.1",
        "fast-glob": "^3.2.11",
        "gulp": "^4.0.2",
        "gulp-autoprefixer": "^8.0.0",
        "gulp-clean-css": "^4.3.0",
        "gulp-sass": "^5.1.0",
        "gulp-typescript": "6.0.0-alpha.1",
        "prettier": "^2.7.0",
        "rollup-plugin-typescript2": "^0.32.1",
        "rollup-plugin-vue": "^6.0.0",
        "sass": "^1.53.0",
        "sucrase": "^3.21.1",
        "ts-morph": "^15.1.0",
        "typescript": "^4.7.4",
        "vue": "^3.2.36"
      }
    },
    "prefix": "D:\\code\\yjcode\\try\\vue3"
  },
  "7 debug pnpm:context": {
    "currentLockfileExists": false,
    "storeDir": "D:\\.pnpm-store\\v3",
    "virtualStoreDir": "D:\\code\\yjcode\\try\\vue3\\node_modules\\.pnpm"
  },
  "8 debug pnpm:stage": {
    "prefix": "D:\\code\\yjcode\\try\\vue3",
    "stage": "resolution_started"
  },
  "9 error pnpm": {
    "code": "ERR_PNPM_FETCH_404",
    "hint": "ya-plus is not in the npm registry, or you have no permission to fetch it.\n\nNo authorization header was set for the request.",
    "request": {
      "url": "https://registry.npmmirror.com/ya-plus"
    },
    "response": {
      "size": 0
    },
    "pkgName": "ya-plus",
    "spec": {
      "fetchSpec": ">=1.1.0-beta.24 <2.0.0-0",
      "name": "ya-plus",
      "type": "range"
    },
    "pkgsStack": [],
    "err": {
      "name": "pnpm",
      "message": "GET https://registry.npmmirror.com/ya-plus: Not Found - 404",
      "code": "ERR_PNPM_FETCH_404",
      "stack": "pnpm: GET https://registry.npmmirror.com/ya-plus: Not Found - 404\n    at RetryOperation._fn (C:\\Program Files\\nodejs\\node_modules\\pnpm\\dist\\pnpm.cjs:85463:19)\n    at processTicksAndRejections (node:internal/process/task_queues:96:5)"
    }
  }
}