{
  "0 debug pnpm:scope": {
    "selected": 1,
    "workspacePrefix": "D:\\code\\yjcode\\try\\vue3"
  },
  "1 info pnpm": {
    "err": {
      "name": "Error",
      "message": "not found: build",
      "code": "ENOENT",
      "stack": "Error: not found: build\n    at getNotFoundError (C:\\Program Files\\nodejs\\node_modules\\pnpm\\dist\\pnpm.cjs:21148:51)\n    at Function.whichSync [as sync] (C:\\Program Files\\nodejs\\node_modules\\pnpm\\dist\\pnpm.cjs:21225:13)\n    at getCommandAbsolutePathSync (C:\\Program Files\\nodejs\\node_modules\\pnpm\\dist\\pnpm.cjs:22903:44)\n    at default_1 (C:\\Program Files\\nodejs\\node_modules\\pnpm\\dist\\pnpm.cjs:22912:32)\n    at C:\\Program Files\\nodejs\\node_modules\\pnpm\\dist\\pnpm.cjs:179918:39"
    }
  },
  "2 error pnpm": {
    "code": "ERR_PNPM_RECURSIVE_EXEC_FIRST_FAIL",
    "prefix": "D:\\code\\yjcode\\try\\vue3\\dist",
    "err": {
      "name": "pnpm",
      "message": "not found: build",
      "code": "ERR_PNPM_RECURSIVE_EXEC_FIRST_FAIL",
      "stack": "Error: not found: build\n    at getNotFoundError (C:\\Program Files\\nodejs\\node_modules\\pnpm\\dist\\pnpm.cjs:21148:51)\n    at Function.whichSync [as sync] (C:\\Program Files\\nodejs\\node_modules\\pnpm\\dist\\pnpm.cjs:21225:13)\n    at getCommandAbsolutePathSync (C:\\Program Files\\nodejs\\node_modules\\pnpm\\dist\\pnpm.cjs:22903:44)\n    at default_1 (C:\\Program Files\\nodejs\\node_modules\\pnpm\\dist\\pnpm.cjs:22912:32)\n    at C:\\Program Files\\nodejs\\node_modules\\pnpm\\dist\\pnpm.cjs:179918:39"
    }
  }
}